<?xml version="1.0" encoding="UTF-8"?>
<!-- Generated by org.testng.reporters.JUnitReportReporter -->
<testsuite hostname="DESKTOP-7S66P9Q" failures="0" tests="1" name="seleniumpractice.Test2" time="0.013" errors="0" timestamp="2023-07-06T08:06:15 IST" skipped="0">
  <testcase classname="seleniumpractice.Test2" name="m2" time="0.013"/>
  <system-out/>
</testsuite> <!-- seleniumpractice.Test2 -->
