<?xml version="1.0" encoding="UTF-8"?>
<!-- Generated by org.testng.reporters.JUnitReportReporter -->
<testsuite hostname="DESKTOP-7S66P9Q" failures="0" tests="1" name="seleniumpractice.Test1" time="67.941" errors="0" timestamp="2023-07-06T08:04:15 IST" skipped="0">
  <testcase classname="seleniumpractice.Test1" name="m1" time="67.941"/>
  <system-out/>
</testsuite> <!-- seleniumpractice.Test1 -->
